Sat, 33, st_taken, st_st3_n, st_staken_n, st_st2, st_nottaken, st_notstalen, st_staken, st_st3,  
ASSIGN, 33, 8555581827, 1039361605, 3486514721, 1615757159, 8469247452, 4484673265, 4155693692, 4457822006,  
Sat, 32, st_taken, st_st3_n, st_staken_n, st_st2, st_nottaken, st_notstalen, st_staken, st_st3,  
ASSIGN, 32, 1793268194, 3611071136, 2587646636, 4039213247, 2849885456, 2812300914, 631861661, 282947265,  
Sat, 31, st_taken, st_st3_n, st_staken_n, st_st2, st_nottaken, st_notstalen, st_staken, st_st3,  
ASSIGN, 31, 523280352, 2137917336, 458881290, 732796838, 940465906, 921397547, 877903633, 993356691,  
Sat, 30, st_taken, st_st3_n, st_staken_n, st_st2, st_nottaken, st_notstalen, st_staken, st_st3,  
ASSIGN, 30, 194184632, 776251315, 814799003, 567732381, 4214775, 925812940, 908403875, 833254834,  
Sat, 29, st_taken, st_st3_n, st_staken_n, st_st2, st_nottaken, st_notstalen, st_staken, st_st3,  
ASSIGN, 29, 266597, 51832052, 13370378, 370812519, 1077770, 374378293, 337781764, 135851973,  
Sat, 28, st_taken, st_st3_n, st_staken_n, st_st2, st_nottaken, st_notstalen, st_staken, st_st3,  
ASSIGN, 28, 24929588, 109265562, 83292928, 128090693, 159651639, 254281230, 67051649, 177050178,  
Sat, 27, st_taken, st_st3_n, st_staken_n, st_st2, st_nottaken, st_notstalen, st_staken, st_st3,  
ASSIGN, 27, 34204634, 99145256, 46738390, 100156459, 34316234, 99152908, 42562510, 99304492,  
Sat, 26, st_taken, st_st3_n, st_staken_n, st_st2, st_nottaken, st_notstalen, st_staken, st_st3,  
ASSIGN, 26, 47613797, 6751600, 17072102, 27590799, 32453281, 35939385, 38730808, 59687680,  
Sat, 25, st_taken, st_st3_n, st_staken_n, st_st2, st_nottaken, st_notstalen, st_staken, st_st3,  
ASSIGN, 25, 23989849, 3603899, 6806184, 12713974, 10563450, 16698611, 23647092, 32968622,  
Sat, 24, st_taken, st_st3_n, st_staken_n, st_st2, st_nottaken, st_notstalen, st_staken, st_st3,  
ASSIGN, 24, 5018254, 3252544, 6578270, 45236, 5012520, 6554258, 14709634, 1049485,  
Sat, 23, st_taken, st_st3_n, st_staken_n, st_st2, st_nottaken, st_notstalen, st_staken, st_st3,  
ASSIGN, 23, 4659965, 8090896, 7415802, 586551, 8273196, 2059428, 5791071, 3417503,  
Sat, 22, st_taken, st_st3_n, st_staken_n, st_st2, st_nottaken, st_notstalen, st_staken, st_st3,  
ASSIGN, 22, 2308530, 757899, 232783, 3430414, 1376511, 494614, 314360, 805329,  
Sat, 21, st_taken, st_st3_n, st_staken_n, st_st2, st_nottaken, st_notstalen, st_staken, st_st3,  
ASSIGN, 21, 497601, 161682, 1042721, 107198, 1611407, 2010248, 579373, 114369,  
Sat, 20, st_taken, st_st3_n, st_staken_n, st_st2, st_nottaken, st_notstalen, st_staken, st_st3,  
ASSIGN, 20, 130831, 830861, 523492, 842978, 986987, 837035, 970301, 979718,  
Sat, 19, st_taken, st_st3_n, st_staken_n, st_st2, st_nottaken, st_notstalen, st_staken, st_st3,  
ASSIGN, 19, 474548, 397024, 511217, 134685, 135165, 337136, 261274, 329259,  
Sat, 18, st_taken, st_st3_n, st_staken_n, st_st2, st_nottaken, st_notstalen, st_staken, st_st3,  
ASSIGN, 18, 261895, 138375, 127479, 182449, 259001, 183088, 131048, 248900,  
Sat, 17, st_taken, st_st3_n, st_staken_n, st_st2, st_nottaken, st_notstalen, st_staken, st_st3,  
ASSIGN, 17, 110794, 67018, 104257, 74565, 83087, 50234, 37782, 82077,  
Sat, 16, st_taken, st_st3_n, st_staken_n, st_st2, st_nottaken, st_notstalen, st_staken, st_st3,  
ASSIGN, 16, 49017, 43202, 65307, 57537, 48975, 43043, 65333, 8419,  
Sat, 15, st_taken, st_st3_n, st_staken_n, st_st2, st_nottaken, st_notstalen, st_staken, st_st3,  
ASSIGN, 15, 30721, 761, 1797, 22408, 4268, 4977, 9258, 26953,  
Sat, 14, st_taken, st_st3_n, st_staken_n, st_st2, st_nottaken, st_notstalen, st_staken, st_st3,  
ASSIGN, 14, 4024, 12551, 3509, 15105, 9146, 14082, 3452, 13577,  
Sat, 13, st_taken, st_st3_n, st_staken_n, st_st2, st_nottaken, st_notstalen, st_staken, st_st3,  
ASSIGN, 13, 3418, 8116, 5710, 3771, 4346, 3964, 971, 4927,  
Sat, 12, st_taken, st_st3_n, st_staken_n, st_st2, st_nottaken, st_notstalen, st_staken, st_st3,  
ASSIGN, 12, 3349, 4039, 828, 959, 1388, 4081, 461, 3326,  
Sat, 11, st_taken, st_st3_n, st_staken_n, st_st2, st_nottaken, st_notstalen, st_staken, st_st3,  
ASSIGN, 11, 636, 1647, 1139, 1013, 215, 2005, 1686, 1978,  
Sat, 10, st_taken, st_st3_n, st_staken_n, st_st2, st_nottaken, st_notstalen, st_staken, st_st3,  
ASSIGN, 10, 689, 655, 496, 924, 880, 237, 820, 573,  
Sat, 9, st_taken, st_st3_n, st_staken_n, st_st2, st_nottaken, st_notstalen, st_staken, st_st3,  
ASSIGN, 9, 157, 377, 395, 459, 124, 126, 428, 442,  
Sat, 8, st_taken, st_st3_n, st_staken_n, st_st2, st_nottaken, st_notstalen, st_staken, st_st3,  
ASSIGN, 8, 21, 151, 134, 241, 140, 248, 100, 230,  
Sat, 7, st_taken, st_st3_n, st_staken_n, st_st2, st_nottaken, st_notstalen, st_staken, st_st3,  
ASSIGN, 7, 34, 12, 66, 36, 48, 3, 10, 6,  
Sat, 6, st_taken, st_st3_n, st_staken_n, st_st2, st_nottaken, st_notstalen, st_staken, st_st3,  
ASSIGN, 6, 50, 57, 25, 15, 44, 27, 14, 54,  
Sat, 5, st_taken, st_st3_n, st_staken_n, st_st2, st_nottaken, st_notstalen, st_staken, st_st3,  
ASSIGN, 5, 3, 23, 9, 30, 18, 15, 17, 27,  
Sat, 4, st_taken, st_st3_n, st_staken_n, st_st2, st_nottaken, st_notstalen, st_staken, st_st3,  
ASSIGN, 4, 9, 4, 3, 2, 5, 8, 10, 1,  
NotSat, 3,  
