Sat, 33, st_st3, st_st1, st_st3_n, st_st0, st_st2, st_st0_n,  
ASSIGN, 33, 1913098061, 7147852660, 927869238, 1997335392, 611307627, 790376861,  
Sat, 32, st_st3, st_st1, st_st3_n, st_st0, st_st2, st_st0_n,  
ASSIGN, 32, 4172906954, 1478675437, 4254734860, 144243964, 2732245932, 4053273053,  
Sat, 31, st_st3, st_st1, st_st3_n, st_st0, st_st2, st_st0_n,  
ASSIGN, 31, 611681054, 1407365141, 1451500278, 231354826, 1526779662, 262721048,  
Sat, 30, st_st3, st_st1, st_st3_n, st_st0, st_st2, st_st0_n,  
ASSIGN, 30, 486541257, 955383875, 101360723, 78825624, 115446592, 80361089,  
Sat, 29, st_st3, st_st1, st_st3_n, st_st0, st_st2, st_st0_n,  
ASSIGN, 29, 525553593, 309624759, 510033904, 309852010, 526991251, 67039014,  
Sat, 28, st_st3, st_st1, st_st3_n, st_st0, st_st2, st_st0_n,  
ASSIGN, 28, 198769410, 248678339, 184332489, 188950453, 115324164, 16254973,  
Sat, 27, st_st3, st_st1, st_st3_n, st_st0, st_st2, st_st0_n,  
ASSIGN, 27, 133742336, 117896628, 8320142, 8703995, 79285429, 133500210,  
Sat, 26, st_st3, st_st1, st_st3_n, st_st0, st_st2, st_st0_n,  
ASSIGN, 26, 39942219, 4409815, 1023621, 41725200, 32556644, 60052999,  
Sat, 25, st_st3, st_st1, st_st3_n, st_st0, st_st2, st_st0_n,  
ASSIGN, 25, 18326676, 815319, 13161649, 23293994, 2202584, 7832272,  
Sat, 24, st_st3, st_st1, st_st3_n, st_st0, st_st2, st_st0_n,  
ASSIGN, 24, 9496289, 2605831, 10180627, 7156280, 6555899, 15790528,  
Sat, 23, st_st3, st_st1, st_st3_n, st_st0, st_st2, st_st0_n,  
ASSIGN, 23, 3200008, 4197253, 7602258, 2163727, 542033, 1656849,  
Sat, 22, st_st3, st_st1, st_st3_n, st_st0, st_st2, st_st0_n,  
ASSIGN, 22, 2574305, 4179209, 2817584, 2192301, 576751, 3190641,  
Sat, 21, st_st3, st_st1, st_st3_n, st_st0, st_st2, st_st0_n,  
ASSIGN, 21, 1312226, 251924, 431619, 45912, 1958912, 264287,  
Sat, 20, st_st3, st_st1, st_st3_n, st_st0, st_st2, st_st0_n,  
ASSIGN, 20, 749334, 509894, 1030260, 473310, 990795, 32754,  
Sat, 19, st_st3, st_st1, st_st3_n, st_st0, st_st2, st_st0_n,  
ASSIGN, 19, 466787, 54751, 452406, 199423, 273151, 384675,  
Sat, 18, st_st3, st_st1, st_st3_n, st_st0, st_st2, st_st0_n,  
ASSIGN, 18, 105715, 142191, 212188, 245261, 64621, 203486,  
Sat, 17, st_st3, st_st1, st_st3_n, st_st0, st_st2, st_st0_n,  
ASSIGN, 17, 20415, 130191, 114331, 130868, 97910, 29631,  
Sat, 16, st_st3, st_st1, st_st3_n, st_st0, st_st2, st_st0_n,  
ASSIGN, 16, 21759, 55711, 15311, 62716, 57187, 32589,  
Sat, 15, st_st3, st_st1, st_st3_n, st_st0, st_st2, st_st0_n,  
ASSIGN, 15, 15359, 16351, 16367, 32719, 8191, 32479,  
Sat, 14, st_st3, st_st1, st_st3_n, st_st0, st_st2, st_st0_n,  
ASSIGN, 14, 16139, 14735, 1975, 3899, 14060, 15856,  
Sat, 13, st_st3, st_st1, st_st3_n, st_st0, st_st2, st_st0_n,  
ASSIGN, 13, 3071, 8125, 6142, 8186, 7807, 2047,  
Sat, 12, st_st3, st_st1, st_st3_n, st_st0, st_st2, st_st0_n,  
ASSIGN, 12, 3935, 3903, 4085, 1023, 1535, 4047,  
Sat, 11, st_st3, st_st1, st_st3_n, st_st0, st_st2, st_st0_n,  
ASSIGN, 11, 1185, 1632, 402, 195, 204, 1037,  
Sat, 10, st_st3, st_st1, st_st3_n, st_st0, st_st2, st_st0_n,  
ASSIGN, 10, 155, 346, 118, 117, 902, 665,  
Sat, 9, st_st3, st_st1, st_st3_n, st_st0, st_st2, st_st0_n,  
ASSIGN, 9, 507, 447, 479, 509, 495, 383,  
Sat, 8, st_st3, st_st1, st_st3_n, st_st0, st_st2, st_st0_n,  
ASSIGN, 8, 189, 126, 159, 125, 63, 252,  
Sat, 7, st_st3, st_st1, st_st3_n, st_st0, st_st2, st_st0_n,  
ASSIGN, 7, 51, 86, 105, 46, 60, 29,  
Sat, 6, st_st3, st_st1, st_st3_n, st_st0, st_st2, st_st0_n,  
ASSIGN, 6, 15, 45, 57, 51, 54, 30,  
Sat, 5, st_st3, st_st1, st_st3_n, st_st0, st_st2, st_st0_n,  
ASSIGN, 5, 25, 21, 11, 7, 19, 22,  
Sat, 4, st_st3, st_st1, st_st3_n, st_st0, st_st2, st_st0_n,  
ASSIGN, 4, 3, 5, 10, 12, 9, 6,  
NotSat, 3,  
