Sat, 32, st_st, st_wnt, st_wt, st_snt,  
ASSIGN, 32, 4215362946, 2675916928, 2347193604, 1870270080,  
Sat, 31, st_st, st_wnt, st_wt, st_snt,  
ASSIGN, 31, 549280463, 1409798132, 454599935, 2000359630,  
Sat, 30, st_st, st_wnt, st_wt, st_snt,  
ASSIGN, 30, 850391056, 546826828, 65352013, 2359202,  
Sat, 29, st_st, st_wnt, st_wt, st_snt,  
ASSIGN, 29, 117440489, 536845941, 359595903, 536834239,  
Sat, 28, st_st, st_wnt, st_wt, st_snt,  
ASSIGN, 28, 47172364, 937950, 255097616, 130990627,  
Sat, 27, st_st, st_wnt, st_wt, st_snt,  
ASSIGN, 27, 31674989, 12606207, 118316421, 48204610,  
Sat, 26, st_st, st_wnt, st_wt, st_snt,  
ASSIGN, 26, 66732031, 67051391, 67105758, 63961055,  
Sat, 25, st_st, st_wnt, st_wt, st_snt,  
ASSIGN, 25, 16972783, 16381400, 33454436, 16658679,  
Sat, 24, st_st, st_wnt, st_wt, st_snt,  
ASSIGN, 24, 16587778, 1363719, 5043235, 5492775,  
Sat, 23, st_st, st_wnt, st_wt, st_snt,  
ASSIGN, 23, 917499, 966655, 7405565, 7306863,  
Sat, 22, st_st, st_wnt, st_wt, st_snt,  
ASSIGN, 22, 1862030, 986323, 1271431, 4160512,  
Sat, 21, st_st, st_wnt, st_wt, st_snt,  
ASSIGN, 21, 122811, 1048332, 2042835, 2072767,  
Sat, 20, st_st, st_wnt, st_wt, st_snt,  
ASSIGN, 20, 500303, 569171, 592127, 943198,  
Sat, 19, st_st, st_wnt, st_wt, st_snt,  
ASSIGN, 19, 319240, 11567, 21447, 462616,  
Sat, 18, st_st, st_wnt, st_wt, st_snt,  
ASSIGN, 18, 193692, 179363, 132351, 92335,  
Sat, 17, st_st, st_wnt, st_wt, st_snt,  
ASSIGN, 17, 64175, 53199, 117951, 45043,  
Sat, 16, st_st, st_wnt, st_wt, st_snt,  
ASSIGN, 16, 63758, 62275, 65296, 63060,  
Sat, 15, st_st, st_wnt, st_wt, st_snt,  
ASSIGN, 15, 15601, 21365, 12959, 7951,  
Sat, 14, st_st, st_wnt, st_wt, st_snt,  
ASSIGN, 14, 5371, 9691, 7125, 7612,  
Sat, 13, st_st, st_wnt, st_wt, st_snt,  
ASSIGN, 13, 7163, 6139, 5119, 8155,  
Sat, 12, st_st, st_wnt, st_wt, st_snt,  
ASSIGN, 12, 2312, 2306, 1044, 1552,  
Sat, 11, st_st, st_wnt, st_wt, st_snt,  
ASSIGN, 11, 1704, 677, 782, 1801,  
Sat, 10, st_st, st_wnt, st_wt, st_snt,  
ASSIGN, 10, 730, 250, 222, 490,  
Sat, 9, st_st, st_wnt, st_wt, st_snt,  
ASSIGN, 9, 454, 214, 47, 440,  
Sat, 8, st_st, st_wnt, st_wt, st_snt,  
ASSIGN, 8, 116, 163, 172, 83,  
Sat, 7, st_st, st_wnt, st_wt, st_snt,  
ASSIGN, 7, 119, 126, 95, 125,  
Sat, 6, st_st, st_wnt, st_wt, st_snt,  
ASSIGN, 6, 1, 8, 4, 2,  
Sat, 5, st_st, st_wnt, st_wt, st_snt,  
ASSIGN, 5, 15, 30, 23, 29,  
Sat, 4, st_st, st_wnt, st_wt, st_snt,  
ASSIGN, 4, 4, 8, 1, 2,  
NotSat, 3,  
