Sat, 32, st_RD, st_ID, st_WR,  
ASSIGN, 32, 1405940433, 1362909052, 2359048149,  
Sat, 31, st_RD, st_ID, st_WR,  
ASSIGN, 31, 1058761445, 1848743918, 2146336939,  
Sat, 30, st_RD, st_ID, st_WR,  
ASSIGN, 30, 497875824, 1006378912, 1023167836,  
Sat, 29, st_RD, st_WR, st_ID,  
ASSIGN, 29, 216006643, 452853689, 33552319,  
Sat, 28, st_ID, st_WR, st_RD,  
ASSIGN, 28, 52402429, 15245309, 68501487,  
Sat, 27, st_RD, st_WR, st_ID,  
ASSIGN, 27, 114387010, 18255123, 84046396,  
Sat, 26, st_RD, st_WR, st_ID,  
ASSIGN, 26, 214823, 17156135, 16879373,  
Sat, 25, st_RD, st_WR, st_ID,  
ASSIGN, 25, 2640631, 4688551, 3773991,  
Sat, 24, st_RD, st_ID, st_WR,  
ASSIGN, 24, 15548404, 5226230, 13414398,  
Sat, 23, st_ID, st_WR, st_RD,  
ASSIGN, 23, 578481, 3177249, 799593,  
Sat, 22, st_ID, st_WR, st_RD,  
ASSIGN, 22, 3213455, 1642012, 2693205,  
Sat, 21, st_ID, st_WR, st_RD,  
ASSIGN, 21, 1536170, 859533, 1502481,  
Sat, 20, st_ID, st_WR, st_RD,  
ASSIGN, 20, 965503, 917372, 65535,  
Sat, 19, st_ID, st_WR, st_RD,  
ASSIGN, 19, 459004, 381153, 338131,  
Sat, 18, st_ID, st_WR, st_RD,  
ASSIGN, 18, 71070, 144818, 210580,  
Sat, 17, st_ID, st_WR, st_RD,  
ASSIGN, 17, 66431, 124455, 110440,  
Sat, 16, st_RD, st_WR, st_ID,  
ASSIGN, 16, 510, 33231, 18894,  
Sat, 15, st_ID, st_WR, st_RD,  
ASSIGN, 15, 32517, 16201, 32041,  
Sat, 14, st_ID, st_WR, st_RD,  
ASSIGN, 14, 11308, 13616, 15363,  
Sat, 13, st_RD, st_WR, st_ID,  
ASSIGN, 13, 6628, 7506, 3025,  
Sat, 12, st_RD, st_WR, st_ID,  
ASSIGN, 12, 2984, 231, 1309,  
Sat, 11, st_ID, st_WR, st_RD,  
ASSIGN, 11, 1812, 484, 87,  
Sat, 10, st_RD, st_ID, st_WR,  
ASSIGN, 10, 425, 121, 205,  
Sat, 9, st_RD, st_ID, st_WR,  
ASSIGN, 9, 250, 498, 474,  
Sat, 8, st_ID, st_WR, st_RD,  
ASSIGN, 8, 191, 127, 223,  
Sat, 7, st_RD, st_WR, st_ID,  
ASSIGN, 7, 70, 74, 76,  
Sat, 6, st_ID, st_WR, st_RD,  
ASSIGN, 6, 44, 50, 11,  
Sat, 5, st_RD, st_ID, st_WR,  
ASSIGN, 5, 12, 24, 20,  
Sat, 4, st_RD, st_WR, st_ID,  
ASSIGN, 4, 5, 3, 9,  
Sat, 3, st_RD, st_WR, st_ID,  
ASSIGN, 3, 1, 4, 2,  
NotSat, 2,  
