Sat, 33, st_st1_n, st_st2_n, st_st1, st_st0, st_st2, st_st0_n,  
ASSIGN, 33, 7286594707, 991083624, 1020405942, 4373788875, 4891015316, 4954659745,  
Sat, 32, st_st1_n, st_st1, st_st2_n, st_st0, st_st2, st_st0_n,  
ASSIGN, 32, 788335622, 965371213, 3352046800, 3584282646, 277188539, 3395590477,  
Sat, 31, st_st0_n, st_st2_n, st_st1, st_st0, st_st2, st_st1_n,  
ASSIGN, 31, 670896323, 19585020, 2112148228, 1357193981, 1715267764, 395402161,  
Sat, 30, st_st1_n, st_st2_n, st_st1, st_st0, st_st2, st_st0_n,  
ASSIGN, 30, 1050384489, 253948790, 725496429, 1052513138, 534909689, 43390975,  
Sat, 29, st_st1_n, st_st2_n, st_st1, st_st0, st_st2, st_st0_n,  
ASSIGN, 29, 308659550, 345782213, 507176201, 311097550, 332006845, 388351212,  
Sat, 28, st_st2, st_st1, st_st2_n, st_st0, st_st1_n, st_st0_n,  
ASSIGN, 28, 208580732, 107031279, 83717472, 49599091, 232997943, 232595667,  
Sat, 27, st_st1_n, st_st1, st_st2_n, st_st0, st_st2, st_st0_n,  
ASSIGN, 27, 126292403, 111326749, 59568596, 63621771, 40744610, 21427653,  
Sat, 26, st_st2, st_st2_n, st_st1, st_st0, st_st1_n, st_st0_n,  
ASSIGN, 26, 37168604, 14328127, 17034195, 32263574, 7394555, 16451299,  
Sat, 25, st_st1_n, st_st2_n, st_st1, st_st0, st_st2, st_st0_n,  
ASSIGN, 25, 23327856, 31251104, 5208296, 31488484, 21806292, 32372738,  
Sat, 24, st_st1_n, st_st2_n, st_st1, st_st0, st_st2, st_st0_n,  
ASSIGN, 24, 2586248, 10831420, 10372363, 5529837, 13996440, 11068572,  
Sat, 23, st_st1_n, st_st1, st_st2_n, st_st0, st_st2, st_st0_n,  
ASSIGN, 23, 5489223, 2941261, 1157945, 6352770, 4001294, 6423263,  
Sat, 22, st_st2, st_st2_n, st_st1, st_st0, st_st1_n, st_st0_n,  
ASSIGN, 22, 1650719, 1259944, 3222353, 1112274, 3962128, 4120593,  
Sat, 21, st_st2, st_st2_n, st_st1, st_st0, st_st1_n, st_st0_n,  
ASSIGN, 21, 1604313, 1858918, 261928, 2072812, 1861430, 1855398,  
Sat, 20, st_st1_n, st_st2_n, st_st1, st_st0, st_st2, st_st0_n,  
ASSIGN, 20, 11224, 793635, 992448, 21717, 161538, 348776,  
Sat, 19, st_st2, st_st2_n, st_st1, st_st0, st_st1_n, st_st0_n,  
ASSIGN, 19, 163757, 392604, 513513, 194038, 412159, 254717,  
Sat, 18, st_st1_n, st_st1, st_st2_n, st_st0, st_st2, st_st0_n,  
ASSIGN, 18, 33516, 68948, 222248, 115219, 144272, 37165,  
Sat, 17, st_st2, st_st2_n, st_st1, st_st0, st_st1_n, st_st0_n,  
ASSIGN, 17, 43607, 127282, 67375, 86237, 62522, 56228,  
Sat, 16, st_st2, st_st2_n, st_st1, st_st0, st_st1_n, st_st0_n,  
ASSIGN, 16, 2875, 56361, 31004, 45482, 40337, 51884,  
Sat, 15, st_st1_n, st_st2_n, st_st1, st_st0, st_st2, st_st0_n,  
ASSIGN, 15, 27287, 27109, 30091, 20281, 10226, 30961,  
Sat, 14, st_st2, st_st2_n, st_st1, st_st0, st_st1_n, st_st0_n,  
ASSIGN, 14, 636, 3476, 4423, 3595, 5544, 15396,  
Sat, 13, st_st1_n, st_st1, st_st2_n, st_st0, st_st2, st_st0_n,  
ASSIGN, 13, 2906, 2483, 7466, 6601, 4346, 2428,  
Sat, 12, st_st1_n, st_st2_n, st_st1, st_st0, st_st2, st_st0_n,  
ASSIGN, 12, 4066, 2302, 2937, 3509, 3870, 479,  
Sat, 11, st_st2, st_st1, st_st2_n, st_st0, st_st1_n, st_st0_n,  
ASSIGN, 11, 702, 251, 508, 953, 733, 986,  
Sat, 10, st_st1_n, st_st2_n, st_st1, st_st0, st_st2, st_st0_n,  
ASSIGN, 10, 421, 555, 217, 710, 286, 563,  
Sat, 9, st_st1_n, st_st2_n, st_st1, st_st0, st_st2, st_st0_n,  
ASSIGN, 9, 339, 158, 242, 213, 55, 91,  
Sat, 8, st_st1_n, st_st1, st_st2_n, st_st0, st_st2, st_st0_n,  
ASSIGN, 8, 117, 188, 47, 233, 230, 213,  
Sat, 7, st_st2, st_st2_n, st_st1, st_st0, st_st1_n, st_st0_n,  
ASSIGN, 7, 101, 43, 89, 60, 23, 15,  
Sat, 6, st_st1_n, st_st2_n, st_st1, st_st0, st_st2, st_st0_n,  
ASSIGN, 6, 55, 62, 31, 47, 59, 61,  
NotSat, 5,  
